This file contains any messages produced by compilers while
running configure, to aid debugging if configure makes a mistake.

It was created by the fast lexical analyser generator configure 2.5.35, which was
generated by GNU Autoconf 2.59.  Invocation command line was

  $ ./configure 

## --------- ##
## Platform. ##
## --------- ##

hostname = wzj423-VirtualBox
uname -m = x86_64
uname -r = 5.11.0-34-generic
uname -s = Linux
uname -v = #36~20.04.1-Ubuntu SMP Fri Aug 27 08:06:32 UTC 2021

/usr/bin/uname -p = x86_64
/bin/uname -X     = unknown

/bin/arch              = x86_64
/usr/bin/arch -k       = unknown
/usr/convex/getsysinfo = unknown
hostinfo               = unknown
/bin/machine           = unknown
/usr/bin/oslevel       = unknown
/bin/universe          = unknown

PATH: /usr/local/sbin
PATH: /usr/local/bin
PATH: /usr/sbin
PATH: /usr/bin
PATH: /sbin
PATH: /bin
PATH: /usr/games
PATH: /usr/local/games
PATH: /snap/bin


## ----------- ##
## Core tests. ##
## ----------- ##

configure:1376: checking for a BSD-compatible install
configure:1431: result: /usr/bin/install -c
configure:1442: checking whether build environment is sane
configure:1485: result: yes
configure:1550: checking for gawk
configure:1579: result: no
configure:1550: checking for mawk
configure:1566: found /usr/bin/mawk
configure:1576: result: mawk
configure:1586: checking whether make sets $(MAKE)
configure:1606: result: yes
configure:1793: checking whether NLS is requested
configure:1802: result: yes
configure:1840: checking for msgfmt
configure:1871: result: /usr/bin/msgfmt
configure:1880: checking for gmsgfmt
configure:1911: result: /usr/bin/msgfmt
configure:1950: checking for xgettext
configure:1981: result: /usr/bin/xgettext
configure:2021: checking for msgmerge
configure:2051: result: /usr/bin/msgmerge
configure:2114: checking for style of include used by make
configure:2142: result: GNU
configure:2213: checking for gcc
configure:2229: found /usr/bin/gcc
configure:2239: result: gcc
configure:2483: checking for C compiler version
configure:2486: gcc --version </dev/null >&5
gcc (Ubuntu 9.3.0-17ubuntu1~20.04) 9.3.0
Copyright (C) 2019 Free Software Foundation, Inc.
This is free software; see the source for copying conditions.  There is NO
warranty; not even for MERCHANTABILITY or FITNESS FOR A PARTICULAR PURPOSE.

configure:2489: $? = 0
configure:2491: gcc -v </dev/null >&5
Using built-in specs.
COLLECT_GCC=gcc
COLLECT_LTO_WRAPPER=/usr/lib/gcc/x86_64-linux-gnu/9/lto-wrapper
OFFLOAD_TARGET_NAMES=nvptx-none:hsa
OFFLOAD_TARGET_DEFAULT=1
Target: x86_64-linux-gnu
Configured with: ../src/configure -v --with-pkgversion='Ubuntu 9.3.0-17ubuntu1~20.04' --with-bugurl=file:///usr/share/doc/gcc-9/README.Bugs --enable-languages=c,ada,c++,go,brig,d,fortran,objc,obj-c++,gm2 --prefix=/usr --with-gcc-major-version-only --program-suffix=-9 --program-prefix=x86_64-linux-gnu- --enable-shared --enable-linker-build-id --libexecdir=/usr/lib --without-included-gettext --enable-threads=posix --libdir=/usr/lib --enable-nls --enable-clocale=gnu --enable-libstdcxx-debug --enable-libstdcxx-time=yes --with-default-libstdcxx-abi=new --enable-gnu-unique-object --disable-vtable-verify --enable-plugin --enable-default-pie --with-system-zlib --with-target-system-zlib=auto --enable-objc-gc=auto --enable-multiarch --disable-werror --with-arch-32=i686 --with-abi=m64 --with-multilib-list=m32,m64,mx32 --enable-multilib --with-tune=generic --enable-offload-targets=nvptx-none=/build/gcc-9-HskZEa/gcc-9-9.3.0/debian/tmp-nvptx/usr,hsa --without-cuda-driver --enable-checking=release --build=x86_64-linux-gnu --host=x86_64-linux-gnu --target=x86_64-linux-gnu
Thread model: posix
gcc version 9.3.0 (Ubuntu 9.3.0-17ubuntu1~20.04) 
configure:2494: $? = 0
configure:2496: gcc -V </dev/null >&5
gcc: error: unrecognized command line option '-V'
gcc: fatal error: no input files
compilation terminated.
configure:2499: $? = 1
configure:2522: checking for C compiler default output file name
configure:2525: gcc    conftest.c  >&5
configure:2528: $? = 0
configure:2574: result: a.out
configure:2579: checking whether the C compiler works
configure:2585: ./a.out
configure:2588: $? = 0
configure:2605: result: yes
configure:2612: checking whether we are cross compiling
configure:2614: result: no
configure:2617: checking for suffix of executables
configure:2619: gcc -o conftest    conftest.c  >&5
configure:2622: $? = 0
configure:2647: result: 
configure:2653: checking for suffix of object files
configure:2674: gcc -c   conftest.c >&5
configure:2677: $? = 0
configure:2699: result: o
configure:2703: checking whether we are using the GNU C compiler
configure:2727: gcc -c   conftest.c >&5
configure:2733: $? = 0
configure:2736: test -z 			 || test ! -s conftest.err
configure:2739: $? = 0
configure:2742: test -s conftest.o
configure:2745: $? = 0
configure:2758: result: yes
configure:2764: checking whether gcc accepts -g
configure:2785: gcc -c -g  conftest.c >&5
configure:2791: $? = 0
configure:2794: test -z 			 || test ! -s conftest.err
configure:2797: $? = 0
configure:2800: test -s conftest.o
configure:2803: $? = 0
configure:2814: result: yes
configure:2831: checking for gcc option to accept ANSI C
configure:2901: gcc  -c -g -O2  conftest.c >&5
configure:2907: $? = 0
configure:2910: test -z 			 || test ! -s conftest.err
configure:2913: $? = 0
configure:2916: test -s conftest.o
configure:2919: $? = 0
configure:2937: result: none needed
configure:2955: gcc -c -g -O2  conftest.c >&5
conftest.c:2:3: error: unknown type name 'choke'
    2 |   choke me
      |   ^~~~~
conftest.c:2:3: error: expected '=', ',', ';', 'asm' or '__attribute__' at end of input
configure:2961: $? = 1
configure: failed program was:
| #ifndef __cplusplus
|   choke me
| #endif
configure:3093: checking dependency style of gcc
configure:3183: result: gcc3
configure:3206: checking build system type
configure:3224: result: x86_64-unknown-linux-gnu
configure:3232: checking host system type
configure:3246: result: x86_64-unknown-linux-gnu
configure:3278: checking for ld used by GCC
configure:3341: result: /usr/bin/ld
configure:3350: checking if the linker (/usr/bin/ld) is GNU ld
GNU ld (GNU Binutils for Ubuntu) 2.34
configure:3362: result: yes
configure:3368: checking for shared library run path origin
configure:3381: result: done
configure:3798: checking whether NLS is requested
configure:3807: result: yes
configure:3825: checking for GNU gettext in libc
configure:3849: gcc -o conftest -g -O2   conftest.c  >&5
conftest.c: In function 'main':
conftest.c:18:8: warning: cast from pointer to integer of different size [-Wpointer-to-int-cast]
   18 | return (int) gettext ("") + _nl_msg_cat_cntr + *_nl_domain_bindings
      |        ^
configure:3855: $? = 0
configure:3858: test -z 			 || test ! -s conftest.err
configure:3861: $? = 0
configure:3864: test -s conftest
configure:3867: $? = 0
configure:3879: result: yes
configure:4574: checking whether to use NLS
configure:4576: result: yes
configure:4579: checking where the gettext function comes from
configure:4590: result: libc
configure:4657: checking for bison
configure:4673: found /usr/bin/bison
configure:4683: result: bison -y
configure:4698: checking for flex
configure:4727: result: no
configure:4698: checking for lex
configure:4727: result: no
configure:4737: checking for yywrap in -lfl
configure:4767: gcc -o conftest -g -O2   conftest.c -lfl   >&5
/usr/bin/ld: cannot find -lfl
collect2: error: ld returned 1 exit status
configure:4773: $? = 1
configure: failed program was:
| /* confdefs.h.  */
| 
| #define PACKAGE_NAME "the fast lexical analyser generator"
| #define PACKAGE_TARNAME "flex"
| #define PACKAGE_VERSION "2.5.35"
| #define PACKAGE_STRING "the fast lexical analyser generator 2.5.35"
| #define PACKAGE_BUGREPORT "flex-help@lists.sourceforge.net"
| #define PACKAGE "flex"
| #define VERSION "2.5.35"
| #define ENABLE_NLS 1
| #define HAVE_GETTEXT 1
| #define HAVE_DCGETTEXT 1
| /* end confdefs.h.  */
| 
| /* Override any gcc2 internal prototype to avoid an error.  */
| #ifdef __cplusplus
| extern "C"
| #endif
| /* We use char because int might match the return type of a gcc2
|    builtin and then its argument prototype would still apply.  */
| char yywrap ();
| int
| main ()
| {
| yywrap ();
|   ;
|   return 0;
| }
configure:4798: result: no
configure:4803: checking for yywrap in -ll
configure:4833: gcc -o conftest -g -O2   conftest.c -ll   >&5
/usr/bin/ld: cannot find -ll
collect2: error: ld returned 1 exit status
configure:4839: $? = 1
configure: failed program was:
| /* confdefs.h.  */
| 
| #define PACKAGE_NAME "the fast lexical analyser generator"
| #define PACKAGE_TARNAME "flex"
| #define PACKAGE_VERSION "2.5.35"
| #define PACKAGE_STRING "the fast lexical analyser generator 2.5.35"
| #define PACKAGE_BUGREPORT "flex-help@lists.sourceforge.net"
| #define PACKAGE "flex"
| #define VERSION "2.5.35"
| #define ENABLE_NLS 1
| #define HAVE_GETTEXT 1
| #define HAVE_DCGETTEXT 1
| /* end confdefs.h.  */
| 
| /* Override any gcc2 internal prototype to avoid an error.  */
| #ifdef __cplusplus
| extern "C"
| #endif
| /* We use char because int might match the return type of a gcc2
|    builtin and then its argument prototype would still apply.  */
| char yywrap ();
| int
| main ()
| {
| yywrap ();
|   ;
|   return 0;
| }
configure:4864: result: no
configure:5014: checking for gcc
configure:5040: result: gcc
configure:5284: checking for C compiler version
configure:5287: gcc --version </dev/null >&5
gcc (Ubuntu 9.3.0-17ubuntu1~20.04) 9.3.0
Copyright (C) 2019 Free Software Foundation, Inc.
This is free software; see the source for copying conditions.  There is NO
warranty; not even for MERCHANTABILITY or FITNESS FOR A PARTICULAR PURPOSE.

configure:5290: $? = 0
configure:5292: gcc -v </dev/null >&5
Using built-in specs.
COLLECT_GCC=gcc
COLLECT_LTO_WRAPPER=/usr/lib/gcc/x86_64-linux-gnu/9/lto-wrapper
OFFLOAD_TARGET_NAMES=nvptx-none:hsa
OFFLOAD_TARGET_DEFAULT=1
Target: x86_64-linux-gnu
Configured with: ../src/configure -v --with-pkgversion='Ubuntu 9.3.0-17ubuntu1~20.04' --with-bugurl=file:///usr/share/doc/gcc-9/README.Bugs --enable-languages=c,ada,c++,go,brig,d,fortran,objc,obj-c++,gm2 --prefix=/usr --with-gcc-major-version-only --program-suffix=-9 --program-prefix=x86_64-linux-gnu- --enable-shared --enable-linker-build-id --libexecdir=/usr/lib --without-included-gettext --enable-threads=posix --libdir=/usr/lib --enable-nls --enable-clocale=gnu --enable-libstdcxx-debug --enable-libstdcxx-time=yes --with-default-libstdcxx-abi=new --enable-gnu-unique-object --disable-vtable-verify --enable-plugin --enable-default-pie --with-system-zlib --with-target-system-zlib=auto --enable-objc-gc=auto --enable-multiarch --disable-werror --with-arch-32=i686 --with-abi=m64 --with-multilib-list=m32,m64,mx32 --enable-multilib --with-tune=generic --enable-offload-targets=nvptx-none=/build/gcc-9-HskZEa/gcc-9-9.3.0/debian/tmp-nvptx/usr,hsa --without-cuda-driver --enable-checking=release --build=x86_64-linux-gnu --host=x86_64-linux-gnu --target=x86_64-linux-gnu
Thread model: posix
gcc version 9.3.0 (Ubuntu 9.3.0-17ubuntu1~20.04) 
configure:5295: $? = 0
configure:5297: gcc -V </dev/null >&5
gcc: error: unrecognized command line option '-V'
gcc: fatal error: no input files
compilation terminated.
configure:5300: $? = 1
configure:5303: checking whether we are using the GNU C compiler
configure:5358: result: yes
configure:5364: checking whether gcc accepts -g
configure:5414: result: yes
configure:5431: checking for gcc option to accept ANSI C
configure:5537: result: none needed
configure:5555: gcc -c -g -O2  conftest.c >&5
conftest.c:2:3: error: unknown type name 'choke'
    2 |   choke me
      |   ^~~~~
conftest.c:2:3: error: expected '=', ',', ';', 'asm' or '__attribute__' at end of input
configure:5561: $? = 1
configure: failed program was:
| #ifndef __cplusplus
|   choke me
| #endif
configure:5693: checking dependency style of gcc
configure:5783: result: gcc3
configure:5852: checking for g++
configure:5868: found /usr/bin/g++
configure:5878: result: g++
configure:5894: checking for C++ compiler version
configure:5897: g++ --version </dev/null >&5
g++ (Ubuntu 9.3.0-17ubuntu1~20.04) 9.3.0
Copyright (C) 2019 Free Software Foundation, Inc.
This is free software; see the source for copying conditions.  There is NO
warranty; not even for MERCHANTABILITY or FITNESS FOR A PARTICULAR PURPOSE.

configure:5900: $? = 0
configure:5902: g++ -v </dev/null >&5
Using built-in specs.
COLLECT_GCC=g++
COLLECT_LTO_WRAPPER=/usr/lib/gcc/x86_64-linux-gnu/9/lto-wrapper
OFFLOAD_TARGET_NAMES=nvptx-none:hsa
OFFLOAD_TARGET_DEFAULT=1
Target: x86_64-linux-gnu
Configured with: ../src/configure -v --with-pkgversion='Ubuntu 9.3.0-17ubuntu1~20.04' --with-bugurl=file:///usr/share/doc/gcc-9/README.Bugs --enable-languages=c,ada,c++,go,brig,d,fortran,objc,obj-c++,gm2 --prefix=/usr --with-gcc-major-version-only --program-suffix=-9 --program-prefix=x86_64-linux-gnu- --enable-shared --enable-linker-build-id --libexecdir=/usr/lib --without-included-gettext --enable-threads=posix --libdir=/usr/lib --enable-nls --enable-clocale=gnu --enable-libstdcxx-debug --enable-libstdcxx-time=yes --with-default-libstdcxx-abi=new --enable-gnu-unique-object --disable-vtable-verify --enable-plugin --enable-default-pie --with-system-zlib --with-target-system-zlib=auto --enable-objc-gc=auto --enable-multiarch --disable-werror --with-arch-32=i686 --with-abi=m64 --with-multilib-list=m32,m64,mx32 --enable-multilib --with-tune=generic --enable-offload-targets=nvptx-none=/build/gcc-9-HskZEa/gcc-9-9.3.0/debian/tmp-nvptx/usr,hsa --without-cuda-driver --enable-checking=release --build=x86_64-linux-gnu --host=x86_64-linux-gnu --target=x86_64-linux-gnu
Thread model: posix
gcc version 9.3.0 (Ubuntu 9.3.0-17ubuntu1~20.04) 
configure:5905: $? = 0
configure:5907: g++ -V </dev/null >&5
g++: error: unrecognized command line option '-V'
g++: fatal error: no input files
compilation terminated.
configure:5910: $? = 1
configure:5913: checking whether we are using the GNU C++ compiler
configure:5937: g++ -c   conftest.cc >&5
configure:5943: $? = 0
configure:5946: test -z 			 || test ! -s conftest.err
configure:5949: $? = 0
configure:5952: test -s conftest.o
configure:5955: $? = 0
configure:5968: result: yes
configure:5974: checking whether g++ accepts -g
configure:5995: g++ -c -g  conftest.cc >&5
configure:6001: $? = 0
configure:6004: test -z 			 || test ! -s conftest.err
configure:6007: $? = 0
configure:6010: test -s conftest.o
configure:6013: $? = 0
configure:6024: result: yes
configure:6066: g++ -c -g -O2  conftest.cc >&5
configure:6072: $? = 0
configure:6075: test -z 			 || test ! -s conftest.err
configure:6078: $? = 0
configure:6081: test -s conftest.o
configure:6084: $? = 0
configure:6110: g++ -c -g -O2  conftest.cc >&5
conftest.cc: In function 'int main()':
conftest.cc:18:1: error: 'exit' was not declared in this scope
   18 | exit (42);
      | ^~~~
configure:6116: $? = 1
configure: failed program was:
| /* confdefs.h.  */
| 
| #define PACKAGE_NAME "the fast lexical analyser generator"
| #define PACKAGE_TARNAME "flex"
| #define PACKAGE_VERSION "2.5.35"
| #define PACKAGE_STRING "the fast lexical analyser generator 2.5.35"
| #define PACKAGE_BUGREPORT "flex-help@lists.sourceforge.net"
| #define PACKAGE "flex"
| #define VERSION "2.5.35"
| #define ENABLE_NLS 1
| #define HAVE_GETTEXT 1
| #define HAVE_DCGETTEXT 1
| /* end confdefs.h.  */
| 
| int
| main ()
| {
| exit (42);
|   ;
|   return 0;
| }
configure:6066: g++ -c -g -O2  conftest.cc >&5
configure:6072: $? = 0
configure:6075: test -z 			 || test ! -s conftest.err
configure:6078: $? = 0
configure:6081: test -s conftest.o
configure:6084: $? = 0
configure:6110: g++ -c -g -O2  conftest.cc >&5
configure:6116: $? = 0
configure:6119: test -z 			 || test ! -s conftest.err
configure:6122: $? = 0
configure:6125: test -s conftest.o
configure:6128: $? = 0
configure:6153: checking dependency style of g++
configure:6243: result: gcc3
configure:6260: checking whether ln -s works
configure:6264: result: yes
configure:6312: checking for ranlib
configure:6328: found /usr/bin/ranlib
configure:6339: result: ranlib
configure:6355: checking for gawk
configure:6381: result: mawk
configure:6404: checking for a BSD-compatible install
configure:6459: result: /usr/bin/install -c
configure:6473: checking for bison
configure:6491: found /usr/bin/bison
configure:6504: result: /usr/bin/bison
configure:6513: checking for help2man
configure:6544: result: help2man
configure:6558: checking for gm4
configure:6591: result: no
configure:6558: checking for gnum4
configure:6591: result: no
configure:6558: checking for m4
configure:6576: found /usr/bin/m4
configure:6588: result: /usr/bin/m4
configure:6601: checking for GNU m4
configure:6604: result: yes
configure:6626: checking for indent
configure:6657: result: indent
configure:6678: WARNING: no indent program found: make indent target will not function
configure:6689: checking how to run the C preprocessor
configure:6724: gcc -E  conftest.c
configure:6730: $? = 0
configure:6762: gcc -E  conftest.c
conftest.c:18:10: fatal error: ac_nonexistent.h: No such file or directory
   18 | #include <ac_nonexistent.h>
      |          ^~~~~~~~~~~~~~~~~~
compilation terminated.
configure:6768: $? = 1
configure: failed program was:
| /* confdefs.h.  */
| 
| #define PACKAGE_NAME "the fast lexical analyser generator"
| #define PACKAGE_TARNAME "flex"
| #define PACKAGE_VERSION "2.5.35"
| #define PACKAGE_STRING "the fast lexical analyser generator 2.5.35"
| #define PACKAGE_BUGREPORT "flex-help@lists.sourceforge.net"
| #define PACKAGE "flex"
| #define VERSION "2.5.35"
| #define ENABLE_NLS 1
| #define HAVE_GETTEXT 1
| #define HAVE_DCGETTEXT 1
| #ifdef __cplusplus
| extern "C" void std::exit (int) throw (); using std::exit;
| #endif
| #define M4 "/usr/bin/m4"
| /* end confdefs.h.  */
| #include <ac_nonexistent.h>
configure:6807: result: gcc -E
configure:6831: gcc -E  conftest.c
configure:6837: $? = 0
configure:6869: gcc -E  conftest.c
conftest.c:18:10: fatal error: ac_nonexistent.h: No such file or directory
   18 | #include <ac_nonexistent.h>
      |          ^~~~~~~~~~~~~~~~~~
compilation terminated.
configure:6875: $? = 1
configure: failed program was:
| /* confdefs.h.  */
| 
| #define PACKAGE_NAME "the fast lexical analyser generator"
| #define PACKAGE_TARNAME "flex"
| #define PACKAGE_VERSION "2.5.35"
| #define PACKAGE_STRING "the fast lexical analyser generator 2.5.35"
| #define PACKAGE_BUGREPORT "flex-help@lists.sourceforge.net"
| #define PACKAGE "flex"
| #define VERSION "2.5.35"
| #define ENABLE_NLS 1
| #define HAVE_GETTEXT 1
| #define HAVE_DCGETTEXT 1
| #ifdef __cplusplus
| extern "C" void std::exit (int) throw (); using std::exit;
| #endif
| #define M4 "/usr/bin/m4"
| /* end confdefs.h.  */
| #include <ac_nonexistent.h>
configure:6919: checking for egrep
configure:6929: result: grep -E
configure:6936: checking for working alloca.h
configure:6957: gcc -o conftest -g -O2   conftest.c  >&5
configure:6963: $? = 0
configure:6966: test -z 			 || test ! -s conftest.err
configure:6969: $? = 0
configure:6972: test -s conftest
configure:6975: $? = 0
configure:6987: result: yes
configure:6997: checking for alloca
configure:7038: gcc -o conftest -g -O2   conftest.c  >&5
configure:7044: $? = 0
configure:7047: test -z 			 || test ! -s conftest.err
configure:7050: $? = 0
configure:7053: test -s conftest
configure:7056: $? = 0
configure:7068: result: yes
configure:7290: checking for ANSI C header files
configure:7315: gcc -c -g -O2  conftest.c >&5
configure:7321: $? = 0
configure:7324: test -z 			 || test ! -s conftest.err
configure:7327: $? = 0
configure:7330: test -s conftest.o
configure:7333: $? = 0
configure:7422: gcc -o conftest -g -O2   conftest.c  >&5
conftest.c: In function 'main':
conftest.c:37:7: warning: implicit declaration of function 'exit' [-Wimplicit-function-declaration]
   37 |       exit(2);
      |       ^~~~
conftest.c:37:7: warning: incompatible implicit declaration of built-in function 'exit'
conftest.c:21:1: note: include '<stdlib.h>' or provide a declaration of 'exit'
   20 | #include <ctype.h>
  +++ |+#include <stdlib.h>
   21 | #if ((' ' & 0x0FF) == 0x020)
conftest.c:38:3: warning: incompatible implicit declaration of built-in function 'exit'
   38 |   exit (0);
      |   ^~~~
conftest.c:38:3: note: include '<stdlib.h>' or provide a declaration of 'exit'
configure:7425: $? = 0
configure:7427: ./conftest
configure:7430: $? = 0
configure:7445: result: yes
configure:7455: checking for sys/wait.h that is POSIX.1 compatible
configure:7486: gcc -c -g -O2  conftest.c >&5
configure:7492: $? = 0
configure:7495: test -z 			 || test ! -s conftest.err
configure:7498: $? = 0
configure:7501: test -s conftest.o
configure:7504: $? = 0
configure:7515: result: yes
configure:7539: checking for sys/types.h
configure:7555: gcc -c -g -O2  conftest.c >&5
configure:7561: $? = 0
configure:7564: test -z 			 || test ! -s conftest.err
configure:7567: $? = 0
configure:7570: test -s conftest.o
configure:7573: $? = 0
configure:7584: result: yes
configure:7539: checking for sys/stat.h
configure:7555: gcc -c -g -O2  conftest.c >&5
configure:7561: $? = 0
configure:7564: test -z 			 || test ! -s conftest.err
configure:7567: $? = 0
configure:7570: test -s conftest.o
configure:7573: $? = 0
configure:7584: result: yes
configure:7539: checking for stdlib.h
configure:7555: gcc -c -g -O2  conftest.c >&5
configure:7561: $? = 0
configure:7564: test -z 			 || test ! -s conftest.err
configure:7567: $? = 0
configure:7570: test -s conftest.o
configure:7573: $? = 0
configure:7584: result: yes
configure:7539: checking for string.h
configure:7555: gcc -c -g -O2  conftest.c >&5
configure:7561: $? = 0
configure:7564: test -z 			 || test ! -s conftest.err
configure:7567: $? = 0
configure:7570: test -s conftest.o
configure:7573: $? = 0
configure:7584: result: yes
configure:7539: checking for memory.h
configure:7555: gcc -c -g -O2  conftest.c >&5
configure:7561: $? = 0
configure:7564: test -z 			 || test ! -s conftest.err
configure:7567: $? = 0
configure:7570: test -s conftest.o
configure:7573: $? = 0
configure:7584: result: yes
configure:7539: checking for strings.h
configure:7555: gcc -c -g -O2  conftest.c >&5
configure:7561: $? = 0
configure:7564: test -z 			 || test ! -s conftest.err
configure:7567: $? = 0
configure:7570: test -s conftest.o
configure:7573: $? = 0
configure:7584: result: yes
configure:7539: checking for inttypes.h
configure:7555: gcc -c -g -O2  conftest.c >&5
configure:7561: $? = 0
configure:7564: test -z 			 || test ! -s conftest.err
configure:7567: $? = 0
configure:7570: test -s conftest.o
configure:7573: $? = 0
configure:7584: result: yes
configure:7539: checking for stdint.h
configure:7555: gcc -c -g -O2  conftest.c >&5
configure:7561: $? = 0
configure:7564: test -z 			 || test ! -s conftest.err
configure:7567: $? = 0
configure:7570: test -s conftest.o
configure:7573: $? = 0
configure:7584: result: yes
configure:7539: checking for unistd.h
configure:7555: gcc -c -g -O2  conftest.c >&5
configure:7561: $? = 0
configure:7564: test -z 			 || test ! -s conftest.err
configure:7567: $? = 0
configure:7570: test -s conftest.o
configure:7573: $? = 0
configure:7584: result: yes
configure:7611: checking for inttypes.h
configure:7616: result: yes
configure:7620: checking libintl.h usability
configure:7632: gcc -c -g -O2  conftest.c >&5
configure:7638: $? = 0
configure:7641: test -z 			 || test ! -s conftest.err
configure:7644: $? = 0
configure:7647: test -s conftest.o
configure:7650: $? = 0
configure:7660: result: yes
configure:7664: checking libintl.h presence
configure:7674: gcc -E  conftest.c
configure:7680: $? = 0
configure:7700: result: yes
configure:7735: checking for libintl.h
configure:7742: result: yes
configure:7620: checking limits.h usability
configure:7632: gcc -c -g -O2  conftest.c >&5
configure:7638: $? = 0
configure:7641: test -z 			 || test ! -s conftest.err
configure:7644: $? = 0
configure:7647: test -s conftest.o
configure:7650: $? = 0
configure:7660: result: yes
configure:7664: checking limits.h presence
configure:7674: gcc -E  conftest.c
configure:7680: $? = 0
configure:7700: result: yes
configure:7735: checking for limits.h
configure:7742: result: yes
configure:7620: checking locale.h usability
configure:7632: gcc -c -g -O2  conftest.c >&5
configure:7638: $? = 0
configure:7641: test -z 			 || test ! -s conftest.err
configure:7644: $? = 0
configure:7647: test -s conftest.o
configure:7650: $? = 0
configure:7660: result: yes
configure:7664: checking locale.h presence
configure:7674: gcc -E  conftest.c
configure:7680: $? = 0
configure:7700: result: yes
configure:7735: checking for locale.h
configure:7742: result: yes
configure:7620: checking malloc.h usability
configure:7632: gcc -c -g -O2  conftest.c >&5
configure:7638: $? = 0
configure:7641: test -z 			 || test ! -s conftest.err
configure:7644: $? = 0
configure:7647: test -s conftest.o
configure:7650: $? = 0
configure:7660: result: yes
configure:7664: checking malloc.h presence
configure:7674: gcc -E  conftest.c
configure:7680: $? = 0
configure:7700: result: yes
configure:7735: checking for malloc.h
configure:7742: result: yes
configure:7620: checking netinet/in.h usability
configure:7632: gcc -c -g -O2  conftest.c >&5
configure:7638: $? = 0
configure:7641: test -z 			 || test ! -s conftest.err
configure:7644: $? = 0
configure:7647: test -s conftest.o
configure:7650: $? = 0
configure:7660: result: yes
configure:7664: checking netinet/in.h presence
configure:7674: gcc -E  conftest.c
configure:7680: $? = 0
configure:7700: result: yes
configure:7735: checking for netinet/in.h
configure:7742: result: yes
configure:7620: checking stddef.h usability
configure:7632: gcc -c -g -O2  conftest.c >&5
configure:7638: $? = 0
configure:7641: test -z 			 || test ! -s conftest.err
configure:7644: $? = 0
configure:7647: test -s conftest.o
configure:7650: $? = 0
configure:7660: result: yes
configure:7664: checking stddef.h presence
configure:7674: gcc -E  conftest.c
configure:7680: $? = 0
configure:7700: result: yes
configure:7735: checking for stddef.h
configure:7742: result: yes
configure:7611: checking for stdlib.h
configure:7616: result: yes
configure:7611: checking for string.h
configure:7616: result: yes
configure:7611: checking for strings.h
configure:7616: result: yes
configure:7611: checking for unistd.h
configure:7616: result: yes
configure:7756: checking for log10 in -lm
configure:7786: gcc -o conftest -g -O2   conftest.c -lm   >&5
conftest.c:49:6: warning: conflicting types for built-in function 'log10'; expected 'double(double)' [-Wbuiltin-declaration-mismatch]
   49 | char log10 ();
      |      ^~~~~
conftest.c:1:1: note: 'log10' is declared in header '<math.h>'
    1 | /* confdefs.h.  */
configure:7792: $? = 0
configure:7795: test -z 			 || test ! -s conftest.err
configure:7798: $? = 0
configure:7801: test -s conftest
configure:7804: $? = 0
configure:7817: result: yes
configure:7833: checking for pthread_mutex_lock in -lpthread
configure:7863: gcc -o conftest -g -O2   conftest.c -lpthread  -lm  >&5
configure:7869: $? = 0
configure:7872: test -z 			 || test ! -s conftest.err
configure:7875: $? = 0
configure:7878: test -s conftest
configure:7881: $? = 0
configure:7894: result: yes
configure:7925: checking pthread.h usability
configure:7937: gcc -c -g -O2  conftest.c >&5
configure:7943: $? = 0
configure:7946: test -z 			 || test ! -s conftest.err
configure:7949: $? = 0
configure:7952: test -s conftest.o
configure:7955: $? = 0
configure:7965: result: yes
configure:7969: checking pthread.h presence
configure:7979: gcc -E  conftest.c
configure:7985: $? = 0
configure:8005: result: yes
configure:8040: checking for pthread.h
configure:8047: result: yes
configure:8063: checking for stdbool.h that conforms to C99
configure:8116: gcc -c -g -O2  conftest.c >&5
conftest.c:71:2: warning: variably modified 'd' at file scope
   71 |  char d[(bool) -0.5 == true ? 1 : -1];
      |  ^~~~
conftest.c:73:2: warning: variably modified 'f' at file scope
   73 |  char f[(_Bool) -0.0 == false ? 1 : -1];
      |  ^~~~
configure:8122: $? = 0
configure:8125: test -z 			 || test ! -s conftest.err
configure:8128: $? = 0
configure:8131: test -s conftest.o
configure:8134: $? = 0
configure:8145: result: yes
configure:8147: checking for _Bool
configure:8171: gcc -c -g -O2  conftest.c >&5
configure:8177: $? = 0
configure:8180: test -z 			 || test ! -s conftest.err
configure:8183: $? = 0
configure:8186: test -s conftest.o
configure:8189: $? = 0
configure:8200: result: yes
configure:8219: checking for an ANSI C-conforming const
configure:8286: gcc -c -g -O2  conftest.c >&5
configure:8292: $? = 0
configure:8295: test -z 			 || test ! -s conftest.err
configure:8298: $? = 0
configure:8301: test -s conftest.o
configure:8304: $? = 0
configure:8315: result: yes
configure:8325: checking for size_t
configure:8349: gcc -c -g -O2  conftest.c >&5
configure:8355: $? = 0
configure:8358: test -z 			 || test ! -s conftest.err
configure:8361: $? = 0
configure:8364: test -s conftest.o
configure:8367: $? = 0
configure:8378: result: yes
configure:8393: checking for pid_t
configure:8417: gcc -c -g -O2  conftest.c >&5
configure:8423: $? = 0
configure:8426: test -z 			 || test ! -s conftest.err
configure:8429: $? = 0
configure:8432: test -s conftest.o
configure:8435: $? = 0
configure:8446: result: yes
configure:8464: checking for unistd.h
configure:8469: result: yes
configure:8473: checking vfork.h usability
configure:8485: gcc -c -g -O2  conftest.c >&5
conftest.c:82:10: fatal error: vfork.h: No such file or directory
   82 | #include <vfork.h>
      |          ^~~~~~~~~
compilation terminated.
configure:8491: $? = 1
configure: failed program was:
| /* confdefs.h.  */
| 
| #define PACKAGE_NAME "the fast lexical analyser generator"
| #define PACKAGE_TARNAME "flex"
| #define PACKAGE_VERSION "2.5.35"
| #define PACKAGE_STRING "the fast lexical analyser generator 2.5.35"
| #define PACKAGE_BUGREPORT "flex-help@lists.sourceforge.net"
| #define PACKAGE "flex"
| #define VERSION "2.5.35"
| #define ENABLE_NLS 1
| #define HAVE_GETTEXT 1
| #define HAVE_DCGETTEXT 1
| #ifdef __cplusplus
| extern "C" void std::exit (int) throw (); using std::exit;
| #endif
| #define M4 "/usr/bin/m4"
| #define HAVE_ALLOCA_H 1
| #define HAVE_ALLOCA 1
| #define STDC_HEADERS 1
| #define HAVE_SYS_WAIT_H 1
| #define HAVE_SYS_TYPES_H 1
| #define HAVE_SYS_STAT_H 1
| #define HAVE_STDLIB_H 1
| #define HAVE_STRING_H 1
| #define HAVE_MEMORY_H 1
| #define HAVE_STRINGS_H 1
| #define HAVE_INTTYPES_H 1
| #define HAVE_STDINT_H 1
| #define HAVE_UNISTD_H 1
| #define HAVE_INTTYPES_H 1
| #define HAVE_LIBINTL_H 1
| #define HAVE_LIMITS_H 1
| #define HAVE_LOCALE_H 1
| #define HAVE_MALLOC_H 1
| #define HAVE_NETINET_IN_H 1
| #define HAVE_STDDEF_H 1
| #define HAVE_STDLIB_H 1
| #define HAVE_STRING_H 1
| #define HAVE_STRINGS_H 1
| #define HAVE_UNISTD_H 1
| #define HAVE_LIBM 1
| #define HAVE_LIBPTHREAD 1
| #define HAVE_PTHREAD_H 1
| #define HAVE__BOOL 1
| #define HAVE_STDBOOL_H 1
| #define HAVE_UNISTD_H 1
| /* end confdefs.h.  */
| #include <stdio.h>
| #if HAVE_SYS_TYPES_H
| # include <sys/types.h>
| #endif
| #if HAVE_SYS_STAT_H
| # include <sys/stat.h>
| #endif
| #if STDC_HEADERS
| # include <stdlib.h>
| # include <stddef.h>
| #else
| # if HAVE_STDLIB_H
| #  include <stdlib.h>
| # endif
| #endif
| #if HAVE_STRING_H
| # if !STDC_HEADERS && HAVE_MEMORY_H
| #  include <memory.h>
| # endif
| # include <string.h>
| #endif
| #if HAVE_STRINGS_H
| # include <strings.h>
| #endif
| #if HAVE_INTTYPES_H
| # include <inttypes.h>
| #else
| # if HAVE_STDINT_H
| #  include <stdint.h>
| # endif
| #endif
| #if HAVE_UNISTD_H
| # include <unistd.h>
| #endif
| #include <vfork.h>
configure:8513: result: no
configure:8517: checking vfork.h presence
configure:8527: gcc -E  conftest.c
conftest.c:48:10: fatal error: vfork.h: No such file or directory
   48 | #include <vfork.h>
      |          ^~~~~~~~~
compilation terminated.
configure:8533: $? = 1
configure: failed program was:
| /* confdefs.h.  */
| 
| #define PACKAGE_NAME "the fast lexical analyser generator"
| #define PACKAGE_TARNAME "flex"
| #define PACKAGE_VERSION "2.5.35"
| #define PACKAGE_STRING "the fast lexical analyser generator 2.5.35"
| #define PACKAGE_BUGREPORT "flex-help@lists.sourceforge.net"
| #define PACKAGE "flex"
| #define VERSION "2.5.35"
| #define ENABLE_NLS 1
| #define HAVE_GETTEXT 1
| #define HAVE_DCGETTEXT 1
| #ifdef __cplusplus
| extern "C" void std::exit (int) throw (); using std::exit;
| #endif
| #define M4 "/usr/bin/m4"
| #define HAVE_ALLOCA_H 1
| #define HAVE_ALLOCA 1
| #define STDC_HEADERS 1
| #define HAVE_SYS_WAIT_H 1
| #define HAVE_SYS_TYPES_H 1
| #define HAVE_SYS_STAT_H 1
| #define HAVE_STDLIB_H 1
| #define HAVE_STRING_H 1
| #define HAVE_MEMORY_H 1
| #define HAVE_STRINGS_H 1
| #define HAVE_INTTYPES_H 1
| #define HAVE_STDINT_H 1
| #define HAVE_UNISTD_H 1
| #define HAVE_INTTYPES_H 1
| #define HAVE_LIBINTL_H 1
| #define HAVE_LIMITS_H 1
| #define HAVE_LOCALE_H 1
| #define HAVE_MALLOC_H 1
| #define HAVE_NETINET_IN_H 1
| #define HAVE_STDDEF_H 1
| #define HAVE_STDLIB_H 1
| #define HAVE_STRING_H 1
| #define HAVE_STRINGS_H 1
| #define HAVE_UNISTD_H 1
| #define HAVE_LIBM 1
| #define HAVE_LIBPTHREAD 1
| #define HAVE_PTHREAD_H 1
| #define HAVE__BOOL 1
| #define HAVE_STDBOOL_H 1
| #define HAVE_UNISTD_H 1
| /* end confdefs.h.  */
| #include <vfork.h>
configure:8553: result: no
configure:8588: checking for vfork.h
configure:8595: result: no
configure:8613: checking for fork
configure:8670: gcc -o conftest -g -O2   conftest.c -lm  >&5
conftest.c:72:6: warning: conflicting types for built-in function 'fork'; expected 'int(void)' [-Wbuiltin-declaration-mismatch]
   72 | char fork ();
      |      ^~~~
configure:8676: $? = 0
configure:8679: test -z 			 || test ! -s conftest.err
configure:8682: $? = 0
configure:8685: test -s conftest
configure:8688: $? = 0
configure:8700: result: yes
configure:8613: checking for vfork
configure:8670: gcc -o conftest -g -O2   conftest.c -lm  >&5
configure:8676: $? = 0
configure:8679: test -z 			 || test ! -s conftest.err
configure:8682: $? = 0
configure:8685: test -s conftest
configure:8688: $? = 0
configure:8700: result: yes
configure:8711: checking for working fork
configure:8740: gcc -o conftest -g -O2   conftest.c -lm  >&5
configure:8743: $? = 0
configure:8745: ./conftest
configure:8748: $? = 0
configure:8762: result: yes
configure:8783: checking for working vfork
configure:8916: result: yes
configure:8952: checking for stdlib.h
configure:8957: result: yes
configure:9096: checking for GNU libc compatible malloc
configure:9125: gcc -o conftest -g -O2   conftest.c -lm  >&5
configure:9128: $? = 0
configure:9130: ./conftest
configure:9133: $? = 0
configure:9147: result: yes
configure:9182: checking for stdlib.h
configure:9187: result: yes
configure:9326: checking for GNU libc compatible realloc
configure:9355: gcc -o conftest -g -O2   conftest.c -lm  >&5
configure:9358: $? = 0
configure:9360: ./conftest
configure:9363: $? = 0
configure:9377: result: yes
configure:9418: checking for dup2
configure:9475: gcc -o conftest -g -O2   conftest.c -lm  >&5
configure:9481: $? = 0
configure:9484: test -z 			 || test ! -s conftest.err
configure:9487: $? = 0
configure:9490: test -s conftest
configure:9493: $? = 0
configure:9505: result: yes
configure:9418: checking for isascii
configure:9475: gcc -o conftest -g -O2   conftest.c -lm  >&5
conftest.c:81:6: warning: conflicting types for built-in function 'isascii'; expected 'int(int)' [-Wbuiltin-declaration-mismatch]
   81 | char isascii ();
      |      ^~~~~~~
configure:9481: $? = 0
configure:9484: test -z 			 || test ! -s conftest.err
configure:9487: $? = 0
configure:9490: test -s conftest
configure:9493: $? = 0
configure:9505: result: yes
configure:9418: checking for memset
configure:9475: gcc -o conftest -g -O2   conftest.c -lm  >&5
conftest.c:82:6: warning: conflicting types for built-in function 'memset'; expected 'void *(void *, int,  long unsigned int)' [-Wbuiltin-declaration-mismatch]
   82 | char memset ();
      |      ^~~~~~
conftest.c:69:1: note: 'memset' is declared in header '<string.h>'
   68 | # include <limits.h>
   69 | #else
configure:9481: $? = 0
configure:9484: test -z 			 || test ! -s conftest.err
configure:9487: $? = 0
configure:9490: test -s conftest
configure:9493: $? = 0
configure:9505: result: yes
configure:9418: checking for pow
configure:9475: gcc -o conftest -g -O2   conftest.c -lm  >&5
conftest.c:83:6: warning: conflicting types for built-in function 'pow'; expected 'double(double,  double)' [-Wbuiltin-declaration-mismatch]
   83 | char pow ();
      |      ^~~
conftest.c:70:1: note: 'pow' is declared in header '<math.h>'
   69 | # include <limits.h>
   70 | #else
configure:9481: $? = 0
configure:9484: test -z 			 || test ! -s conftest.err
configure:9487: $? = 0
configure:9490: test -s conftest
configure:9493: $? = 0
configure:9505: result: yes
configure:9418: checking for regcomp
configure:9475: gcc -o conftest -g -O2   conftest.c -lm  >&5
configure:9481: $? = 0
configure:9484: test -z 			 || test ! -s conftest.err
configure:9487: $? = 0
configure:9490: test -s conftest
configure:9493: $? = 0
configure:9505: result: yes
configure:9418: checking for setlocale
configure:9475: gcc -o conftest -g -O2   conftest.c -lm  >&5
configure:9481: $? = 0
configure:9484: test -z 			 || test ! -s conftest.err
configure:9487: $? = 0
configure:9490: test -s conftest
configure:9493: $? = 0
configure:9505: result: yes
configure:9418: checking for strchr
configure:9475: gcc -o conftest -g -O2   conftest.c -lm  >&5
conftest.c:86:6: warning: conflicting types for built-in function 'strchr'; expected 'char *(const char *, int)' [-Wbuiltin-declaration-mismatch]
   86 | char strchr ();
      |      ^~~~~~
conftest.c:73:1: note: 'strchr' is declared in header '<string.h>'
   72 | # include <limits.h>
   73 | #else
configure:9481: $? = 0
configure:9484: test -z 			 || test ! -s conftest.err
configure:9487: $? = 0
configure:9490: test -s conftest
configure:9493: $? = 0
configure:9505: result: yes
configure:9418: checking for strtol
configure:9475: gcc -o conftest -g -O2   conftest.c -lm  >&5
configure:9481: $? = 0
configure:9484: test -z 			 || test ! -s conftest.err
configure:9487: $? = 0
configure:9490: test -s conftest
configure:9493: $? = 0
configure:9505: result: yes
configure:9642: creating ./config.status

## ---------------------- ##
## Running config.status. ##
## ---------------------- ##

This file was extended by the fast lexical analyser generator config.status 2.5.35, which was
generated by GNU Autoconf 2.59.  Invocation command line was

  CONFIG_FILES    = 
  CONFIG_HEADERS  = 
  CONFIG_LINKS    = 
  CONFIG_COMMANDS = 
  $ ./config.status 

on wzj423-VirtualBox

config.status:815: creating Makefile
config.status:815: creating doc/Makefile
config.status:815: creating examples/Makefile
config.status:815: creating examples/fastwc/Makefile
config.status:815: creating examples/manual/Makefile
config.status:815: creating m4/Makefile
config.status:815: creating po/Makefile.in
config.status:815: creating tools/Makefile
config.status:815: creating tests/Makefile
config.status:815: creating tests/TEMPLATE/Makefile
config.status:815: creating tests/test-array-nr/Makefile
config.status:815: creating tests/test-array-r/Makefile
config.status:815: creating tests/test-basic-nr/Makefile
config.status:815: creating tests/test-basic-r/Makefile
config.status:815: creating tests/test-bison-yylloc/Makefile
config.status:815: creating tests/test-bison-yylval/Makefile
config.status:815: creating tests/test-c-cpp-nr/Makefile
config.status:815: creating tests/test-c-cpp-r/Makefile
config.status:815: creating tests/test-header-nr/Makefile
config.status:815: creating tests/test-header-r/Makefile
config.status:815: creating tests/test-include-by-buffer/Makefile
config.status:815: creating tests/test-include-by-push/Makefile
config.status:815: creating tests/test-include-by-reentrant/Makefile
config.status:815: creating tests/test-multiple-scanners-nr/Makefile
config.status:815: creating tests/test-multiple-scanners-r/Makefile
config.status:815: creating tests/test-noansi-nr/Makefile
config.status:815: creating tests/test-noansi-r/Makefile
config.status:815: creating tests/test-prefix-nr/Makefile
config.status:815: creating tests/test-prefix-r/Makefile
config.status:815: creating tests/test-pthread/Makefile
config.status:815: creating tests/test-string-nr/Makefile
config.status:815: creating tests/test-string-r/Makefile
config.status:815: creating tests/test-yyextra/Makefile
config.status:815: creating tests/test-alloc-extra/Makefile
config.status:815: creating tests/test-lineno-nr/Makefile
config.status:815: creating tests/test-lineno-r/Makefile
config.status:815: creating tests/test-linedir-r/Makefile
config.status:815: creating tests/test-debug-r/Makefile
config.status:815: creating tests/test-debug-nr/Makefile
config.status:815: creating tests/test-mem-nr/Makefile
config.status:815: creating tests/test-mem-r/Makefile
config.status:815: creating tests/test-posix/Makefile
config.status:815: creating tests/test-posixly-correct/Makefile
config.status:815: creating tests/test-table-opts/Makefile
config.status:815: creating tests/test-c++-basic/Makefile
config.status:815: creating tests/test-bison-nr/Makefile
config.status:815: creating tests/test-reject/Makefile
config.status:815: creating tests/test-c++-multiple-scanners/Makefile
config.status:815: creating tests/test-top/Makefile
config.status:815: creating tests/test-rescan-nr/Makefile
config.status:815: creating tests/test-rescan-r/Makefile
config.status:815: creating tests/test-quotes/Makefile
config.status:815: creating tests/test-ccl/Makefile
config.status:815: creating tests/test-extended/Makefile
config.status:815: creating tests/test-c++-yywrap/Makefile
config.status:815: creating tests/test-concatenated-options/Makefile
config.status:881: creating config.h
config.status:1265: executing default-1 commands
config.status:1265: executing depfiles commands

## ---------------- ##
## Cache variables. ##
## ---------------- ##

ac_cv_build=x86_64-unknown-linux-gnu
ac_cv_build_alias=x86_64-unknown-linux-gnu
ac_cv_c_compiler_gnu=yes
ac_cv_c_const=yes
ac_cv_cxx_compiler_gnu=yes
ac_cv_env_CC_set=
ac_cv_env_CC_value=
ac_cv_env_CFLAGS_set=
ac_cv_env_CFLAGS_value=
ac_cv_env_CPPFLAGS_set=
ac_cv_env_CPPFLAGS_value=
ac_cv_env_CPP_set=
ac_cv_env_CPP_value=
ac_cv_env_CXXFLAGS_set=
ac_cv_env_CXXFLAGS_value=
ac_cv_env_CXX_set=
ac_cv_env_CXX_value=
ac_cv_env_LDFLAGS_set=
ac_cv_env_LDFLAGS_value=
ac_cv_env_build_alias_set=
ac_cv_env_build_alias_value=
ac_cv_env_host_alias_set=
ac_cv_env_host_alias_value=
ac_cv_env_target_alias_set=
ac_cv_env_target_alias_value=
ac_cv_exeext=
ac_cv_func_alloca_works=yes
ac_cv_func_dup2=yes
ac_cv_func_fork=yes
ac_cv_func_fork_works=yes
ac_cv_func_isascii=yes
ac_cv_func_malloc_0_nonnull=yes
ac_cv_func_memset=yes
ac_cv_func_pow=yes
ac_cv_func_realloc_0_nonnull=yes
ac_cv_func_regcomp=yes
ac_cv_func_setlocale=yes
ac_cv_func_strchr=yes
ac_cv_func_strtol=yes
ac_cv_func_vfork=yes
ac_cv_func_vfork_works=yes
ac_cv_header_inttypes_h=yes
ac_cv_header_libintl_h=yes
ac_cv_header_limits_h=yes
ac_cv_header_locale_h=yes
ac_cv_header_malloc_h=yes
ac_cv_header_memory_h=yes
ac_cv_header_netinet_in_h=yes
ac_cv_header_pthread_h=yes
ac_cv_header_stdbool_h=yes
ac_cv_header_stdc=yes
ac_cv_header_stddef_h=yes
ac_cv_header_stdint_h=yes
ac_cv_header_stdlib_h=yes
ac_cv_header_string_h=yes
ac_cv_header_strings_h=yes
ac_cv_header_sys_stat_h=yes
ac_cv_header_sys_types_h=yes
ac_cv_header_sys_wait_h=yes
ac_cv_header_unistd_h=yes
ac_cv_header_vfork_h=no
ac_cv_host=x86_64-unknown-linux-gnu
ac_cv_host_alias=x86_64-unknown-linux-gnu
ac_cv_lib_fl_yywrap=no
ac_cv_lib_l_yywrap=no
ac_cv_lib_m_log10=yes
ac_cv_lib_pthread_pthread_mutex_lock=yes
ac_cv_objext=o
ac_cv_path_BISON=/usr/bin/bison
ac_cv_path_GMSGFMT=/usr/bin/msgfmt
ac_cv_path_HELP2MAN=help2man
ac_cv_path_INDENT=indent
ac_cv_path_M4=/usr/bin/m4
ac_cv_path_MSGFMT=/usr/bin/msgfmt
ac_cv_path_MSGMERGE=/usr/bin/msgmerge
ac_cv_path_XGETTEXT=/usr/bin/xgettext
ac_cv_path_install='/usr/bin/install -c'
ac_cv_prog_AWK=mawk
ac_cv_prog_CPP='gcc -E'
ac_cv_prog_YACC='bison -y'
ac_cv_prog_ac_ct_CC=gcc
ac_cv_prog_ac_ct_CXX=g++
ac_cv_prog_ac_ct_RANLIB=ranlib
ac_cv_prog_cc_g=yes
ac_cv_prog_cc_stdc=
ac_cv_prog_cxx_g=yes
ac_cv_prog_egrep='grep -E'
ac_cv_prog_make_make_set=yes
ac_cv_type__Bool=yes
ac_cv_type_pid_t=yes
ac_cv_type_size_t=yes
ac_cv_working_alloca_h=yes
acl_cv_hardcode_direct=no
acl_cv_hardcode_libdir_flag_spec='${wl}-rpath ${wl}$libdir'
acl_cv_hardcode_libdir_separator=
acl_cv_hardcode_minus_L=no
acl_cv_libext=a
acl_cv_path_LD=/usr/bin/ld
acl_cv_prog_gnu_ld=yes
acl_cv_rpath=done
acl_cv_shlibext=so
acl_cv_wl=-Wl,
am_cv_CC_dependencies_compiler_type=gcc3
am_cv_CXX_dependencies_compiler_type=gcc3
gt_cv_func_gnugettext1_libc=yes

## ----------------- ##
## Output variables. ##
## ----------------- ##

ACLOCAL='${SHELL} /home/wzj423/Documents/Stanford_Compilers_CS143/TMP/flex-2.5.35/missing --run aclocal-1.9'
ALLOCA=''
AMDEPBACKSLASH='\'
AMDEP_FALSE='#'
AMDEP_TRUE=''
AMTAR='${SHELL} /home/wzj423/Documents/Stanford_Compilers_CS143/TMP/flex-2.5.35/missing --run tar'
AUTOCONF='${SHELL} /home/wzj423/Documents/Stanford_Compilers_CS143/TMP/flex-2.5.35/missing --run autoconf'
AUTOHEADER='${SHELL} /home/wzj423/Documents/Stanford_Compilers_CS143/TMP/flex-2.5.35/missing --run autoheader'
AUTOMAKE='${SHELL} /home/wzj423/Documents/Stanford_Compilers_CS143/TMP/flex-2.5.35/missing --run automake-1.9'
AWK='mawk'
BISON='/usr/bin/bison'
CC='gcc'
CCDEPMODE='depmode=gcc3'
CFLAGS='-g -O2'
CPP='gcc -E'
CPPFLAGS=''
CXX='g++'
CXXDEPMODE='depmode=gcc3'
CXXFLAGS='-g -O2'
CYGPATH_W='echo'
DEFS='-DHAVE_CONFIG_H'
DEPDIR='.deps'
ECHO_C=''
ECHO_N='-n'
ECHO_T=''
EGREP='grep -E'
EXEEXT=''
GMSGFMT='/usr/bin/msgfmt'
HELP2MAN='help2man'
INDENT='indent'
INSTALL_DATA='${INSTALL} -m 644'
INSTALL_PROGRAM='${INSTALL}'
INSTALL_SCRIPT='${INSTALL}'
INSTALL_STRIP_PROGRAM='${SHELL} $(install_sh) -c -s'
INTLLIBS=''
LDFLAGS=''
LEX='${SHELL} /home/wzj423/Documents/Stanford_Compilers_CS143/TMP/flex-2.5.35/missing --run flex'
LEXLIB=''
LEX_OUTPUT_ROOT=''
LIBICONV='-liconv'
LIBINTL=''
LIBOBJS=''
LIBS='-lm '
LN_S='ln -s'
LTLIBICONV='-liconv'
LTLIBINTL=''
LTLIBOBJS=''
M4='/usr/bin/m4'
MAKEINFO='${SHELL} /home/wzj423/Documents/Stanford_Compilers_CS143/TMP/flex-2.5.35/missing --run makeinfo'
MKINSTALLDIRS='$(top_builddir)/./mkinstalldirs'
MSGFMT='/usr/bin/msgfmt'
MSGMERGE='/usr/bin/msgmerge'
OBJEXT='o'
PACKAGE='flex'
PACKAGE_BUGREPORT='flex-help@lists.sourceforge.net'
PACKAGE_NAME='the fast lexical analyser generator'
PACKAGE_STRING='the fast lexical analyser generator 2.5.35'
PACKAGE_TARNAME='flex'
PACKAGE_VERSION='2.5.35'
PATH_SEPARATOR=':'
POSUB='po'
RANLIB='ranlib'
SET_MAKE=''
SHELL='/bin/bash'
STRIP=''
USE_NLS='yes'
VERSION='2.5.35'
XGETTEXT='/usr/bin/xgettext'
YACC='bison -y'
ac_ct_CC='gcc'
ac_ct_CXX='g++'
ac_ct_RANLIB='ranlib'
ac_ct_STRIP=''
am__fastdepCC_FALSE='#'
am__fastdepCC_TRUE=''
am__fastdepCXX_FALSE='#'
am__fastdepCXX_TRUE=''
am__include='include'
am__leading_dot='.'
am__quote=''
am__tar='${AMTAR} chof - "$$tardir"'
am__untar='${AMTAR} xf -'
bindir='${exec_prefix}/bin'
build='x86_64-unknown-linux-gnu'
build_alias=''
build_cpu='x86_64'
build_os='linux-gnu'
build_vendor='unknown'
datadir='${prefix}/share'
exec_prefix='${prefix}'
host='x86_64-unknown-linux-gnu'
host_alias=''
host_cpu='x86_64'
host_os='linux-gnu'
host_vendor='unknown'
includedir='${prefix}/include'
infodir='${prefix}/info'
install_sh='/home/wzj423/Documents/Stanford_Compilers_CS143/TMP/flex-2.5.35/install-sh'
libdir='${exec_prefix}/lib'
libexecdir='${exec_prefix}/libexec'
localstatedir='${prefix}/var'
mandir='${prefix}/man'
mkdir_p='mkdir -p --'
oldincludedir='/usr/include'
prefix='/usr/local'
program_transform_name='s,x,x,'
sbindir='${exec_prefix}/sbin'
sharedstatedir='${prefix}/com'
sysconfdir='${prefix}/etc'
target_alias=''

## ----------- ##
## confdefs.h. ##
## ----------- ##

#define ENABLE_NLS 1
#define HAVE_ALLOCA 1
#define HAVE_ALLOCA_H 1
#define HAVE_DCGETTEXT 1
#define HAVE_DUP2 1
#define HAVE_FORK 1
#define HAVE_GETTEXT 1
#define HAVE_INTTYPES_H 1
#define HAVE_INTTYPES_H 1
#define HAVE_ISASCII 1
#define HAVE_LIBINTL_H 1
#define HAVE_LIBM 1
#define HAVE_LIBPTHREAD 1
#define HAVE_LIMITS_H 1
#define HAVE_LOCALE_H 1
#define HAVE_MALLOC 1
#define HAVE_MALLOC_H 1
#define HAVE_MEMORY_H 1
#define HAVE_MEMSET 1
#define HAVE_NETINET_IN_H 1
#define HAVE_POW 1
#define HAVE_PTHREAD_H 1
#define HAVE_REALLOC 1
#define HAVE_REGCOMP 1
#define HAVE_SETLOCALE 1
#define HAVE_STDBOOL_H 1
#define HAVE_STDDEF_H 1
#define HAVE_STDINT_H 1
#define HAVE_STDLIB_H 1
#define HAVE_STDLIB_H 1
#define HAVE_STDLIB_H 1
#define HAVE_STDLIB_H 1
#define HAVE_STRCHR 1
#define HAVE_STRINGS_H 1
#define HAVE_STRINGS_H 1
#define HAVE_STRING_H 1
#define HAVE_STRING_H 1
#define HAVE_STRTOL 1
#define HAVE_SYS_STAT_H 1
#define HAVE_SYS_TYPES_H 1
#define HAVE_SYS_WAIT_H 1
#define HAVE_UNISTD_H 1
#define HAVE_UNISTD_H 1
#define HAVE_UNISTD_H 1
#define HAVE_VFORK 1
#define HAVE_WORKING_FORK 1
#define HAVE_WORKING_VFORK 1
#define HAVE__BOOL 1
#define M4 "/usr/bin/m4"
#define PACKAGE "flex"
#define PACKAGE_BUGREPORT "flex-help@lists.sourceforge.net"
#define PACKAGE_NAME "the fast lexical analyser generator"
#define PACKAGE_STRING "the fast lexical analyser generator 2.5.35"
#define PACKAGE_TARNAME "flex"
#define PACKAGE_VERSION "2.5.35"
#define STDC_HEADERS 1
#define VERSION "2.5.35"
#endif
#ifdef __cplusplus
extern "C" void std::exit (int) throw (); using std::exit;

configure: exit 0
